<?xml version="1.0" encoding="UTF-8"?>
<!-- Generated by org.testng.reporters.JUnitReportReporter -->
<testsuite hostname="DESKTOP-IEA4V1C" failures="0" tests="1" name="DDT.Practice.READTHEDATAFROMPROPERTIESFILETEST" time="0.023" errors="0" timestamp="26 Oct 2021 20:34:17 GMT" skipped="0">
  <testcase classname="DDT.Practice.READTHEDATAFROMPROPERTIESFILETEST" name="readdatafrompropfileTest" time="0.023"/>
</testsuite> <!-- DDT.Practice.READTHEDATAFROMPROPERTIESFILETEST -->
