<?xml version="1.0" encoding="UTF-8"?>
<!-- Generated by org.testng.reporters.JUnitReportReporter -->
<testsuite hostname="DESKTOP-IEA4V1C" failures="0" tests="1" name="COM.VTIGER.TESTCASE.CreateOrganisationTest1" time="152.512" errors="0" timestamp="2021-11-15T15:20:38 IST" skipped="0">
  <testcase classname="COM.VTIGER.TESTCASE.CreateOrganisationTest1" name="createorganizationTest1" time="152.512"/>
  <system-out>
    <![CDATA[Organisation Created
Verification Passed]]>
  </system-out>
</testsuite> <!-- COM.VTIGER.TESTCASE.CreateOrganisationTest1 -->
