<?xml version="1.0" encoding="UTF-8"?>
<!-- Generated by org.testng.reporters.JUnitReportReporter -->
<testsuite hostname="DESKTOP-IEA4V1C" failures="0" tests="2" name="TestPractice.SampleTest" time="0.014" errors="0" timestamp="2021-11-02T20:02:53 PDT" skipped="0">
  <testcase classname="TestPractice.SampleTest" name="modifyOraginazation" time="0.004"/>
  <system-out/>
  <testcase classname="TestPractice.SampleTest" name="CreateOraginazation" time="0.010"/>
  <system-out/>
</testsuite> <!-- TestPractice.SampleTest -->
