<?xml version="1.0" encoding="UTF-8"?>
<!-- Generated by org.testng.reporters.JUnitReportReporter -->
<testsuite hostname="DESKTOP-IEA4V1C" failures="0" tests="1" name="JDBC.ExecuteQuary" time="2.910" errors="0" timestamp="2021-11-02T22:42:17 PDT" skipped="0">
  <testcase classname="JDBC.ExecuteQuary" name="executequeryTest" time="2.910"/>
  <system-out/>
</testsuite> <!-- JDBC.ExecuteQuary -->
