<?xml version="1.0" encoding="UTF-8"?>
<!-- Generated by org.testng.reporters.JUnitReportReporter -->
<testsuite hostname="DESKTOP-IEA4V1C" failures="0" tests="1" name="DDT.Practice.CreateCustomerTest" time="0.013" errors="0" timestamp="2021-11-02T20:07:31 PDT" skipped="0">
  <testcase classname="DDT.Practice.CreateCustomerTest" name="createcustomer" time="0.013"/>
  <system-out/>
</testsuite> <!-- DDT.Practice.CreateCustomerTest -->
