<?xml version="1.0" encoding="UTF-8"?>
<!-- Generated by org.testng.reporters.JUnitReportReporter -->
<testsuite hostname="DESKTOP-IEA4V1C" failures="0" tests="3" name="TestPractice.TestPriority" time="0.015" errors="0" timestamp="2021-11-02T19:59:42 PDT" skipped="0">
  <testcase classname="TestPractice.TestPriority" name="logout" time="0.012"/>
  <system-out/>
  <testcase classname="TestPractice.TestPriority" name="login" time="0.002"/>
  <system-out/>
  <testcase classname="TestPractice.TestPriority" name="homnpage" time="0.001"/>
  <system-out/>
</testsuite> <!-- TestPractice.TestPriority -->
