<?xml version="1.0" encoding="UTF-8"?>
<!-- Generated by org.testng.reporters.JUnitReportReporter -->
<testsuite hostname="DESKTOP-IEA4V1C" failures="0" tests="1" name="mobileScenario.OlympicsTest" time="14.756" errors="0" timestamp="2021-11-11T15:25:23 IST" skipped="0">
  <testcase classname="mobileScenario.OlympicsTest" name="olympicsTest" time="14.756"/>
  <system-out/>
</testsuite> <!-- mobileScenario.OlympicsTest -->
