<?xml version="1.0" encoding="UTF-8"?>
<!-- Generated by org.testng.reporters.JUnitReportReporter -->
<testsuite hostname="DESKTOP-IEA4V1C" failures="0" tests="1" name="JDBC.VerifyTheTableTest" time="0.470" errors="0" timestamp="28 Oct 2021 18:55:25 GMT" skipped="0">
  <testcase classname="JDBC.VerifyTheTableTest" name="verifyTheTableTest" time="0.470"/>
</testsuite> <!-- JDBC.VerifyTheTableTest -->
