<?xml version="1.0" encoding="UTF-8"?>
<!-- Generated by org.testng.reporters.JUnitReportReporter -->
<testsuite hostname="DESKTOP-IEA4V1C" failures="0" tests="1" name="COM.VTIGER.TESTCASE.CreateOrganization$CreateOrganisationTest1" time="37.873" errors="0" timestamp="2021-11-02T11:26:26 PDT" skipped="0">
  <testcase classname="COM.VTIGER.TESTCASE.CreateOrganization$CreateOrganisationTest1" name="CreateOrganization" time="37.873"/>
  <system-out/>
</testsuite> <!-- COM.VTIGER.TESTCASE.CreateOrganization$CreateOrganisationTest1 -->
