<?xml version="1.0" encoding="UTF-8"?>
<!-- Generated by org.testng.reporters.JUnitReportReporter -->
<testsuite hostname="DESKTOP-IEA4V1C" failures="0" tests="1" name="COM.VTIGER.TESTCASE.DataProvider" time="0.000" errors="0" timestamp="2021-11-03T00:11:27 PDT" skipped="1">
  <testcase classname="COM.VTIGER.TESTCASE.DataProvider" name="getData" time="0.000">
    <skipped/>
  </testcase> <!-- getData -->
  <system-out/>
</testsuite> <!-- COM.VTIGER.TESTCASE.DataProvider -->
