<?xml version="1.0" encoding="UTF-8"?>
<!-- Generated by org.testng.reporters.JUnitReportReporter -->
<testsuite hostname="DESKTOP-IEA4V1C" failures="0" tests="1" name="mobileScenario.Lenskart" time="27.807" errors="0" timestamp="2021-11-11T17:25:48 IST" skipped="0">
  <testcase classname="mobileScenario.Lenskart" name="olympicsTest" time="27.807"/>
  <system-out/>
</testsuite> <!-- mobileScenario.Lenskart -->
