<?xml version="1.0" encoding="UTF-8"?>
<!-- Generated by org.testng.reporters.JUnitReportReporter -->
<testsuite hostname="DESKTOP-IEA4V1C" failures="0" tests="1" name="DDT.Practice.ReadTheDataFromJsonFileTest" time="0.034" errors="0" timestamp="27 Oct 2021 21:56:47 GMT" skipped="0">
  <testcase classname="DDT.Practice.ReadTheDataFromJsonFileTest" name="readTheDataFromJsonFile" time="0.034"/>
</testsuite> <!-- DDT.Practice.ReadTheDataFromJsonFileTest -->
