<?xml version="1.0" encoding="UTF-8"?>
<!-- Generated by org.testng.reporters.JUnitReportReporter -->
<testsuite hostname="DESKTOP-IEA4V1C" failures="0" tests="1" name="DDT.Practice.CreateUserTest" time="0.013" errors="0" timestamp="2021-11-02T20:04:50 PDT" skipped="0">
  <testcase classname="DDT.Practice.CreateUserTest" name="CreateUserTest1" time="0.013"/>
  <system-out/>
</testsuite> <!-- DDT.Practice.CreateUserTest -->
